CRITICAL - 2023-12-26 20:24:06 --> Class "Myth\Auth\Authentication" not found
in APPPATH\Config\Services.php on line 40.
 1 SYSTEMPATH\Config\BaseService.php(199): Config\Services::authentication(false)
 2 APPPATH\Config\Services.php(37): CodeIgniter\Config\BaseService::getSharedInstance('authentication')
 3 APPPATH\Controllers\UsuarioController.php(17): Config\Services::authentication()
 4 SYSTEMPATH\CodeIgniter.php(942): App\Controllers\UsuarioController->index()
 5 SYSTEMPATH\CodeIgniter.php(502): CodeIgniter\CodeIgniter->runController(Object(App\Controllers\UsuarioController))
 6 SYSTEMPATH\CodeIgniter.php(361): CodeIgniter\CodeIgniter->handleRequest(null, Object(Config\Cache), false)
 7 FCPATH\index.php(79): CodeIgniter\CodeIgniter->run()
CRITICAL - 2023-12-26 20:47:37 --> syntax error, unexpected token "echo", expecting ";"
in APPPATH\Controllers\UsuarioController.php on line 27.
 1 SYSTEMPATH\Autoloader\Autoloader.php(291): CodeIgniter\Autoloader\Autoloader->includeFile('C:\\xamp\\htdocs\\amzmp\\amzmp\\app\\Controllers\\UsuarioController.php')
 2 SYSTEMPATH\Autoloader\Autoloader.php(269): CodeIgniter\Autoloader\Autoloader->loadInNamespace('App\\Controllers\\UsuarioController')
 3 [internal function]: CodeIgniter\Autoloader\Autoloader->loadClass('App\\Controllers\\UsuarioController')
 4 SYSTEMPATH\CodeIgniter.php(900): class_exists('\\App\\Controllers\\UsuarioController', true)
 5 SYSTEMPATH\CodeIgniter.php(489): CodeIgniter\CodeIgniter->startController()
 6 SYSTEMPATH\CodeIgniter.php(361): CodeIgniter\CodeIgniter->handleRequest(null, Object(Config\Cache), false)
 7 FCPATH\index.php(79): CodeIgniter\CodeIgniter->run()
CRITICAL - 2023-12-26 20:47:44 --> Undefined property: App\Controllers\UsuarioController::$session
in APPPATH\Controllers\UsuarioController.php on line 26.
 1 APPPATH\Controllers\UsuarioController.php(26): CodeIgniter\Debug\Exceptions->errorHandler(2, 'Undefined property: App\\Controllers\\UsuarioController::$session', 'C:\\xamp\\htdocs\\amzmp\\amzmp\\app\\Controllers\\UsuarioController.php', 26)
 2 SYSTEMPATH\CodeIgniter.php(942): App\Controllers\UsuarioController->index()
 3 SYSTEMPATH\CodeIgniter.php(502): CodeIgniter\CodeIgniter->runController(Object(App\Controllers\UsuarioController))
 4 SYSTEMPATH\CodeIgniter.php(361): CodeIgniter\CodeIgniter->handleRequest(null, Object(Config\Cache), false)
 5 FCPATH\index.php(79): CodeIgniter\CodeIgniter->run()
CRITICAL - 2023-12-26 20:48:52 --> Undefined property: App\Controllers\UsuarioController::$session
in APPPATH\Controllers\UsuarioController.php on line 26.
 1 APPPATH\Controllers\UsuarioController.php(26): CodeIgniter\Debug\Exceptions->errorHandler(2, 'Undefined property: App\\Controllers\\UsuarioController::$session', 'C:\\xamp\\htdocs\\amzmp\\amzmp\\app\\Controllers\\UsuarioController.php', 26)
 2 SYSTEMPATH\CodeIgniter.php(942): App\Controllers\UsuarioController->index()
 3 SYSTEMPATH\CodeIgniter.php(502): CodeIgniter\CodeIgniter->runController(Object(App\Controllers\UsuarioController))
 4 SYSTEMPATH\CodeIgniter.php(361): CodeIgniter\CodeIgniter->handleRequest(null, Object(Config\Cache), false)
 5 FCPATH\index.php(79): CodeIgniter\CodeIgniter->run()
CRITICAL - 2023-12-26 20:49:27 --> Undefined property: App\Controllers\UsuarioController::$session
in APPPATH\Controllers\UsuarioController.php on line 26.
 1 APPPATH\Controllers\UsuarioController.php(26): CodeIgniter\Debug\Exceptions->errorHandler(2, 'Undefined property: App\\Controllers\\UsuarioController::$session', 'C:\\xamp\\htdocs\\amzmp\\amzmp\\app\\Controllers\\UsuarioController.php', 26)
 2 SYSTEMPATH\CodeIgniter.php(942): App\Controllers\UsuarioController->index()
 3 SYSTEMPATH\CodeIgniter.php(502): CodeIgniter\CodeIgniter->runController(Object(App\Controllers\UsuarioController))
 4 SYSTEMPATH\CodeIgniter.php(361): CodeIgniter\CodeIgniter->handleRequest(null, Object(Config\Cache), false)
 5 FCPATH\index.php(79): CodeIgniter\CodeIgniter->run()
CRITICAL - 2023-12-26 20:49:33 --> Undefined property: App\Controllers\UsuarioController::$session
in APPPATH\Controllers\UsuarioController.php on line 26.
 1 APPPATH\Controllers\UsuarioController.php(26): CodeIgniter\Debug\Exceptions->errorHandler(2, 'Undefined property: App\\Controllers\\UsuarioController::$session', 'C:\\xamp\\htdocs\\amzmp\\amzmp\\app\\Controllers\\UsuarioController.php', 26)
 2 SYSTEMPATH\CodeIgniter.php(942): App\Controllers\UsuarioController->index()
 3 SYSTEMPATH\CodeIgniter.php(502): CodeIgniter\CodeIgniter->runController(Object(App\Controllers\UsuarioController))
 4 SYSTEMPATH\CodeIgniter.php(361): CodeIgniter\CodeIgniter->handleRequest(null, Object(Config\Cache), false)
 5 FCPATH\index.php(79): CodeIgniter\CodeIgniter->run()
CRITICAL - 2023-12-26 20:50:36 --> Undefined property: App\Controllers\UsuarioController::$session
in APPPATH\Controllers\UsuarioController.php on line 26.
 1 APPPATH\Controllers\UsuarioController.php(26): CodeIgniter\Debug\Exceptions->errorHandler(2, 'Undefined property: App\\Controllers\\UsuarioController::$session', 'C:\\xamp\\htdocs\\amzmp\\amzmp\\app\\Controllers\\UsuarioController.php', 26)
 2 SYSTEMPATH\CodeIgniter.php(942): App\Controllers\UsuarioController->index()
 3 SYSTEMPATH\CodeIgniter.php(502): CodeIgniter\CodeIgniter->runController(Object(App\Controllers\UsuarioController))
 4 SYSTEMPATH\CodeIgniter.php(361): CodeIgniter\CodeIgniter->handleRequest(null, Object(Config\Cache), false)
 5 FCPATH\index.php(79): CodeIgniter\CodeIgniter->run()
CRITICAL - 2023-12-26 20:51:03 --> Undefined property: App\Controllers\UsuarioController::$session
in APPPATH\Controllers\UsuarioController.php on line 26.
 1 APPPATH\Controllers\UsuarioController.php(26): CodeIgniter\Debug\Exceptions->errorHandler(2, 'Undefined property: App\\Controllers\\UsuarioController::$session', 'C:\\xamp\\htdocs\\amzmp\\amzmp\\app\\Controllers\\UsuarioController.php', 26)
 2 SYSTEMPATH\CodeIgniter.php(942): App\Controllers\UsuarioController->index()
 3 SYSTEMPATH\CodeIgniter.php(502): CodeIgniter\CodeIgniter->runController(Object(App\Controllers\UsuarioController))
 4 SYSTEMPATH\CodeIgniter.php(361): CodeIgniter\CodeIgniter->handleRequest(null, Object(Config\Cache), false)
 5 FCPATH\index.php(79): CodeIgniter\CodeIgniter->run()
CRITICAL - 2023-12-26 20:52:45 --> Call to undefined method CodeIgniter\Session\Session::set_userdata()
in APPPATH\Controllers\UsuarioController.php on line 32.
 1 SYSTEMPATH\CodeIgniter.php(942): App\Controllers\UsuarioController->index()
 2 SYSTEMPATH\CodeIgniter.php(502): CodeIgniter\CodeIgniter->runController(Object(App\Controllers\UsuarioController))
 3 SYSTEMPATH\CodeIgniter.php(361): CodeIgniter\CodeIgniter->handleRequest(null, Object(Config\Cache), false)
 4 FCPATH\index.php(79): CodeIgniter\CodeIgniter->run()
CRITICAL - 2023-12-26 21:03:44 --> syntax error, unexpected variable "$routes", expecting ")"
in APPPATH\Config\Routes.php on line 21.
 1 SYSTEMPATH\CodeIgniter.php(810): CodeIgniter\Router\RouteCollection->loadRoutes()
 2 SYSTEMPATH\CodeIgniter.php(450): CodeIgniter\CodeIgniter->tryToRouteIt(null)
 3 SYSTEMPATH\CodeIgniter.php(361): CodeIgniter\CodeIgniter->handleRequest(null, Object(Config\Cache), false)
 4 FCPATH\index.php(79): CodeIgniter\CodeIgniter->run()
CRITICAL - 2023-12-26 21:06:04 --> Object of class CodeIgniter\Session\Session could not be converted to string
in APPPATH\Filters\AuthFilter.php on line 18.
 1 SYSTEMPATH\Filters\Filters.php(184): App\Filters\AuthFilter->before(Object(CodeIgniter\HTTP\IncomingRequest), null)
 2 SYSTEMPATH\CodeIgniter.php(474): CodeIgniter\Filters\Filters->run('Clientes/listagem', 'before')
 3 SYSTEMPATH\CodeIgniter.php(361): CodeIgniter\CodeIgniter->handleRequest(null, Object(Config\Cache), false)
 4 FCPATH\index.php(79): CodeIgniter\CodeIgniter->run()
CRITICAL - 2023-12-26 22:37:22 --> syntax error, unexpected variable "$msg", expecting "("
in APPPATH\Views\usuario_login.php on line 54.
 1 SYSTEMPATH\View\View.php(231): CodeIgniter\View\View->CodeIgniter\View\{closure}()
 2 SYSTEMPATH\Common.php(1190): CodeIgniter\View\View->render('usuario_login', [], true)
 3 APPPATH\Controllers\UsuarioController.php(43): view('usuario_login', [...])
 4 SYSTEMPATH\CodeIgniter.php(942): App\Controllers\UsuarioController->index()
 5 SYSTEMPATH\CodeIgniter.php(502): CodeIgniter\CodeIgniter->runController(Object(App\Controllers\UsuarioController))
 6 SYSTEMPATH\CodeIgniter.php(361): CodeIgniter\CodeIgniter->handleRequest(null, Object(Config\Cache), false)
 7 FCPATH\index.php(79): CodeIgniter\CodeIgniter->run()
CRITICAL - 2023-12-26 22:37:24 --> syntax error, unexpected variable "$msg", expecting "("
in APPPATH\Views\usuario_login.php on line 54.
 1 SYSTEMPATH\View\View.php(231): CodeIgniter\View\View->CodeIgniter\View\{closure}()
 2 SYSTEMPATH\Common.php(1190): CodeIgniter\View\View->render('usuario_login', [], true)
 3 APPPATH\Controllers\UsuarioController.php(43): view('usuario_login', [...])
 4 SYSTEMPATH\CodeIgniter.php(942): App\Controllers\UsuarioController->index()
 5 SYSTEMPATH\CodeIgniter.php(502): CodeIgniter\CodeIgniter->runController(Object(App\Controllers\UsuarioController))
 6 SYSTEMPATH\CodeIgniter.php(361): CodeIgniter\CodeIgniter->handleRequest(null, Object(Config\Cache), false)
 7 FCPATH\index.php(79): CodeIgniter\CodeIgniter->run()
